<?xml version="1.0" encoding="UTF-8"?>
<testng-results ignored="0" total="1" passed="1" failed="0" skipped="0">
  <reporter-output>
  </reporter-output>
  <suite started-at="2024-01-04T18:51:43 IST" name="Default suite" finished-at="2024-01-04T18:52:03 IST" duration-ms="19909">
    <groups>
    </groups>
    <test started-at="2024-01-04T18:51:43 IST" name="Default test" finished-at="2024-01-04T18:52:03 IST" duration-ms="19909">
      <class name="scripts.testcase1">
        <test-method is-config="true" signature="openapp()[pri:0, instance:scripts.testcase1@3e27aa33]" started-at="2024-01-04T18:51:43 IST" name="openapp" finished-at="2024-01-04T18:51:51 IST" duration-ms="8361" status="PASS">
          <reporter-output>
          </reporter-output>
        </test-method> <!-- openapp -->
        <test-method signature="tc1()[pri:0, instance:scripts.testcase1@3e27aa33]" started-at="2024-01-04T18:51:51 IST" name="tc1" finished-at="2024-01-04T18:52:02 IST" duration-ms="11020" status="PASS">
          <reporter-output>
          </reporter-output>
        </test-method> <!-- tc1 -->
        <test-method is-config="true" signature="closeapp(org.testng.ITestResult)[pri:0, instance:scripts.testcase1@3e27aa33]" started-at="2024-01-04T18:52:02 IST" name="closeapp" finished-at="2024-01-04T18:52:03 IST" duration-ms="445" status="PASS">
          <params>
            <param index="0">
              <value>
                <![CDATA[[TestResult name=tc1 status=SUCCESS method=testcase1.tc1()[pri:0, instance:scripts.testcase1@3e27aa33] output={null}]]]>
              </value>
            </param>
          </params>
          <reporter-output>
          </reporter-output>
        </test-method> <!-- closeapp -->
      </class> <!-- scripts.testcase1 -->
    </test> <!-- Default test -->
  </suite> <!-- Default suite -->
</testng-results>
